WARN: Dropping side-effect-free statement [build/bundle.js:34,0]
WARN: Side effects in initialization of unused variable _CanvasOperationJs [build/bundle.js:28,4]
WARN: Side effects in initialization of unused variable _CanvasFirebaseOperationsStorageJs2 [build/bundle.js:32,4]
WARN: Dropping side-effect-free statement [build/bundle.js:103,0]
WARN: Side effects in initialization of unused variable _CanvasOperationJs [build/bundle.js:93,4]
WARN: Side effects in initialization of unused variable _CanvasPaintingJs2 [build/bundle.js:97,4]
WARN: Dropping side-effect-free statement [build/bundle.js:266,0]
WARN: Side effects in initialization of unused variable _CanvasPaintingJs2 [build/bundle.js:260,4]
WARN: Dropping side-effect-free statement [build/bundle.js:325,0]
WARN: Dropping side-effect-free statement [build/bundle.js:347,0]
WARN: Dropping side-effect-free statement [build/bundle.js:395,0]
WARN: Side effects in initialization of unused variable _CanvasObserverJs2 [build/bundle.js:387,4]
WARN: Side effects in initialization of unused variable _CanvasOperationJs [build/bundle.js:389,4]
WARN: Side effects in initialization of unused variable _CanvasPreferencesJs2 [build/bundle.js:393,4]
WARN: Dropping side-effect-free statement [build/bundle.js:641,0]
WARN: Dropping side-effect-free statement [build/bundle.js:685,0]
WARN: Side effects in initialization of unused variable _CanvasPreferencesJs2 [build/bundle.js:679,4]
WARN: Side effects in initialization of unused variable _CanvasPreferencesStorageJs2 [build/bundle.js:683,4]
WARN: Dropping side-effect-free statement [build/bundle.js:751,0]
WARN: Side effects in initialization of unused variable _CanvasPaintingJs2 [build/bundle.js:741,4]
WARN: Side effects in initialization of unused variable _CanvasPreferencesJs2 [build/bundle.js:745,4]
WARN: Dropping side-effect-free statement [build/bundle.js:799,0]
WARN: Side effects in initialization of unused variable _CanvasPaintingJs2 [build/bundle.js:797,4]
WARN: Dropping side-effect-free statement [build/bundle.js:816,0]
WARN: Dropping side-effect-free statement [build/bundle.js:921,0]
WARN: Side effects in initialization of unused variable _reactRouter2 [build/bundle.js:875,4]
WARN: Side effects in initialization of unused variable _CanvasObserverJs2 [build/bundle.js:901,4]
WARN: Side effects in initialization of unused variable _CanvasOperationJs [build/bundle.js:903,4]
WARN: Side effects in initialization of unused variable _CanvasPreferencesJs2 [build/bundle.js:907,4]
WARN: Side effects in initialization of unused variable _CanvasStorageJs2 [build/bundle.js:919,4]
WARN: Dropping side-effect-free statement [build/bundle.js:1224,0]
WARN: Side effects in initialization of unused variable _jquery2 [build/bundle.js:1218,4]
WARN: Dropping side-effect-free statement [build/bundle.js:1328,0]
WARN: Side effects in initialization of unused variable _reactStyle2 [build/bundle.js:1322,4]
WARN: Dropping side-effect-free statement [build/bundle.js:1463,0]
WARN: Dropping side-effect-free statement [build/bundle.js:1670,0]
WARN: Side effects in initialization of unused variable _reactStyle2 [build/bundle.js:1668,4]
WARN: Dropping side-effect-free statement [build/bundle.js:1769,0]
WARN: Dropping side-effect-free statement [build/bundle.js:1855,0]
WARN: Dropping side-effect-free statement [build/bundle.js:1880,0]
WARN: Dropping side-effect-free statement [build/bundle.js:1923,0]
WARN: Side effects in initialization of unused variable _cssJs2 [build/bundle.js:1911,4]
WARN: Side effects in initialization of unused variable el [build/bundle.js:4478,6]
WARN: Side effects in initialization of unused variable el [build/bundle.js:4515,6]
WARN: Boolean && always false [build/bundle.js:6064,481]
WARN: Side effects in initialization of unused variable bsStyle [build/bundle.js:17718,12]
WARN: Dropping unused variable internals [build/bundle.js:24366,4]
WARN: Dropping unused variable internals [build/bundle.js:24642,4]
WARN: Side effects in initialization of unused variable assign [build/bundle.js:25058,4]
WARN: Side effects in initialization of unused variable ExecutionEnvironment [build/bundle.js:25061,4]
WARN: Side effects in initialization of unused variable isArray [build/bundle.js:25067,4]
WARN: Side effects in initialization of unused variable assign [build/bundle.js:25181,4]
WARN: Side effects in initialization of unused variable ReactElement [build/bundle.js:25185,4]
